EKF3 IMU0 tilt alignment complete
APM:Copter V3.6-dev (f1508370 2017-12-29 14:29:09+
Airbot 003F0025 30365110 36373239
Huge loop time=1511 ins.wfs() took 1 last 548 loop 226 sched 1283 max task id=30 took 1262
Huge loop time=1509 ins.wfs() took 2 last 729 loop 228 sched 1279 max task id=30 took 1252
Huge loop time=1505 ins.wfs() took 2 last 745 loop 227 sched 1276 max task id=30 took 1246
Huge loop time=1656 ins.wfs() took 2 last 652 loop 287 sched 1366 max task id=30 took 1337
Huge loop time=1709 ins.wfs() took 2 last 753 loop 229 sched 1478 max task id=30 took 1448
Huge loop time=1540 ins.wfs() took 2 last 667 loop 292 sched 1246 max task id=30 took 1244
Huge loop time=1509 ins.wfs() took 2 last 736 loop 228 sched 1279 max task id=30 took 1277
Huge loop time=1617 ins.wfs() took 1 last 734 loop 228 sched 1387 max task id=30 took 1387
Huge loop time=2112 ins.wfs() took 2 last 734 loop 227 sched 1883 max task id=30 took 1881
Huge loop time=1730 ins.wfs() took 2 last 731 loop 243 sched 1485 max task id=30 took 1484
Huge loop time=1682 ins.wfs() took 8 last 745 loop 227 sched 1446 max task id=30 took 1436
Huge loop time=1503 ins.wfs() took 1 last 754 loop 227 sched 1274 max task id=30 took 1255
Huge loop time=1504 ins.wfs() took 2 last 755 loop 280 sched 1222 max task id=30 took 1202
Huge loop time=3045 ins.wfs() took 2 last 752 loop 227 sched 2816 max task id=30 took 2797
PERF: 1/10000 max=3045 min=879 avg=1002 sd=38
Huge loop time=2361 ins.wfs() took 1 last 442 loop 225 sched 2134 max task id=46 took 1922

sched time: by timer 19.14% sw  3.96% in yield 75.08% sw 92.29% in tails  5.78% sw 97.71%
task 0 (0x0000000080B62B1) time:   29.83% mean     76.1uS max   157uS full       0uS wait sem.      0uS free stack 0x124C
task 1 (0x0000000080B71F5) time:   63.61% mean      5.6uS max    46uS full       0uS wait sem.      0uS free stack 0x7C
task 2 (0x80B7A29100053A8) time:    0.62% mean      8.6uS max    43uS full     169uS wait sem.      0uS free stack 0x13C
task 3 (0x804BBB120007F40) time:    0.45% mean     11.5uS max    50uS full  712478uS wait sem. 712147uS free stack 0x2D4
task 4 (0x0000000080B7619) time:    2.08% mean     10.9uS max   103uS full   32100uS wait sem.      0uS free stack 0xD5C
task 5 (0x804EC812000CBC8) time:    0.40% mean     12.7uS max    49uS full     852uS wait sem.    361uS free stack 0x214
task 6 (0x80574C52000CC60) time:    3.01% mean     30.1uS max    81uS full     273uS wait sem.     27uS free stack 0x18C
task 7 (0x0000000080B6931) time:    0.01% mean     86.6uS max   117uS full     309uS wait sem.      0uS free stack 0x1BC
PERF: 0/10000 max=2361 min=879 avg=1000 sd=17
I2C stats
bus 1 addr 77 errors 0 last error=0 state=0
bus 1 addr 1E errors 1 last error=145 state=0
PERF: 0/10000 max=1115 min=886 avg=999 sd=10
Memory used: static 3k full 84k
Free stack: 10k
Main stack use: 2k
CCM use: 38k
PERF: 0/10000 max=1195 min=879 avg=1000 sd=10
Huge loop time=2139 ins.wfs() took 1 last 596 loop 235 sched 1902 max task id=46 took 1862
PERF: 0/10000 max=2139 min=880 avg=1000 sd=15
PERF: 0/10000 max=1137 min=862 avg=999 sd=9
Sched stats:
  % of full time:  0.00  Efficiency   nan max loop time 0
delay times: in main 68.84 including in timer  0.00
PERF: 0/10000 max=1118 min=881 avg=1000 sd=10
Huge loop time=2176 ins.wfs() took 1 last 426 loop 267 sched 1907 max task id=46 took 1887
PERF: 0/10000 max=2176 min=880 avg=1000 sd=16
sched time: by timer 19.34% sw  4.10% in yield 74.33% sw 94.53% in tails  6.33% sw 97.95%
task 0 (0x0000000080B62B1) time:   31.28% mean     81.4uS max   128uS full       0uS wait sem.     11uS free stack 0x124C
task 1 (0x0000000080B71F5) time:   61.71% mean      5.7uS max    49uS full       0uS wait sem.      0uS free stack 0x7C
task 2 (0x80B7A29100053A8) time:    0.64% mean      8.7uS max    47uS full     169uS wait sem.      0uS free stack 0x13C
task 3 (0x804BBB120007F40) time:    0.47% mean     11.6uS max    48uS full     861uS wait sem.    506uS free stack 0x2D4
task 4 (0x0000000080B7619) time:    2.09% mean     10.8uS max    47uS full     847uS wait sem.      0uS free stack 0xD5C
task 5 (0x804EC812000CBC8) time:    0.43% mean     12.8uS max    49uS full     896uS wait sem.    353uS free stack 0x214
task 6 (0x80574C52000CC60) time:    3.38% mean     30.2uS max    55uS full     156uS wait sem.     37uS free stack 0x184
task 7 (0x0000000080B6931) time:    0.01% mean     85.5uS max   103uS full    4705uS wait sem.      0uS free stack 0x1BC
PERF: 0/10000 max=1121 min=875 avg=1000 sd=10

I2C stats
bus 1 addr 77 errors 0 last error=0 state=0
bus 1 addr 1E errors 1 last error=145 state=0
PERF: 0/10000 max=1117 min=876 avg=1000 sd=10
Huge loop time=2156 ins.wfs() took 2 last 536 loop 309 sched 1845 max task id=46 took 1801
Memory used: static 3k full 84k
Free stack: 10k
Main stack use: 2k
CCM use: 38k
PERF: 0/10000 max=2156 min=887 avg=1000 sd=16
PERF: 0/10000 max=1117 min=879 avg=999 sd=11
PERF: 0/10000 max=1109 min=890 avg=1000 sd=10
Huge loop time=2189 ins.wfs() took 1 last 519 loop 297 sched 1890 max task id=46 took 1869

Sched stats:
  % of full time:  0.00  Efficiency   nan max loop time 0
delay times: in main 68.41 including in timer  0.00
PPM max buffer size: 0

PERF: 0/10000 max=2189 min=879 avg=1000 sd=16

PERF: 0/10000 max=1133 min=879 avg=1000 sd=10

sched time: by timer 19.36% sw  4.03% in yield 74.19% sw 95.01% in tails  6.44% sw 98.04%
task 0 (0x0000000080B62B1) time:   31.57% mean     82.5uS max   125uS full       0uS wait sem.      0uS free stack 0x124C
task 1 (0x0000000080B71F5) time:   61.32% mean      5.8uS max    44uS full       0uS wait sem.      0uS free stack 0x7C
task 2 (0x80B7A29100053A8) time:    0.65% mean      8.7uS max    47uS full     281uS wait sem.      0uS free stack 0x13C
task 3 (0x804BBB120007F40) time:    0.47% mean     11.7uS max    52uS full     948uS wait sem.    598uS free stack 0x2D4
task 4 (0x0000000080B7619) time:    2.10% mean     10.7uS max    51uS full     848uS wait sem.      0uS free stack 0xD5C
task 5 (0x804EC812000CBC8) time:    0.44% mean     12.9uS max    56uS full     860uS wait sem.    316uS free stack 0x214
task 6 (0x80574C52000CC60) time:    3.46% mean     30.2uS max    55uS full     173uS wait sem.     22uS free stack 0x184
task 7 (0x0000000080B6931) time:    0.01% mean     87.1uS max   102uS full    6140uS wait sem.      0uS free stack 0x1BC

PERF: 0/10000 max=1171 min=889 avg=1000 sd=9
